<?xml version="1.0" encoding="UTF-8"?>
<!-- Generated by org.testng.reporters.JUnitReportReporter -->
<testsuite skipped="0" hostname="DESKTOP-KTMPQ46" name="webdriver.Test1" tests="1" failures="0" timestamp="2019-09-24T15:04:32 IST" time="41.934" errors="0">
  <testcase name="beforeTest" time="41.934" classname="webdriver.Test1"/>
</testsuite> <!-- webdriver.Test1 -->
