<?xml version="1.0" encoding="UTF-8"?>
<!-- Generated by org.testng.reporters.JUnitReportReporter -->
<testsuite skipped="0" hostname="DESKTOP-KTMPQ46" name="webdriver.Test1" tests="1" failures="0" timestamp="2019-09-25T12:09:29 IST" time="60.216" errors="0">
  <testcase name="beforeTest" time="60.216" classname="webdriver.Test1"/>
</testsuite> <!-- webdriver.Test1 -->
